This is pdfTeX, Version 3.14159265-2.6-1.40.19 (MiKTeX 2.9.6730 64-bit) (preloaded format=pdflatex 2018.8.27)  20 MAY 2019 12:53
entering extended mode
**./RuCl3.DissertationProposal.tex
(RuCl3.DissertationProposal.tex
LaTeX2e <2018-04-01> patch level 5
("C:\Program Files\MiKTeX 2.9\tex\latex\base\article.cls"
Document Class: article 2014/09/29 v1.4h Standard LaTeX document class
("C:\Program Files\MiKTeX 2.9\tex\latex\base\size11.clo"
File: size11.clo 2014/09/29 v1.4h Standard LaTeX file (size option)
)
\c@part=\count80
\c@section=\count81
\c@subsection=\count82
\c@subsubsection=\count83
\c@paragraph=\count84
\c@subparagraph=\count85
\c@figure=\count86
\c@table=\count87
\abovecaptionskip=\skip41
\belowcaptionskip=\skip42
\bibindent=\dimen102
)
("C:\Program Files\MiKTeX 2.9\tex\latex\amsmath\amsmath.sty"
Package: amsmath 2017/09/02 v2.17a AMS math features
\@mathmargin=\skip43

For additional information on amsmath, use the `?' option.
("C:\Program Files\MiKTeX 2.9\tex\latex\amsmath\amstext.sty"
Package: amstext 2000/06/29 v2.01 AMS text

("C:\Program Files\MiKTeX 2.9\tex\latex\amsmath\amsgen.sty"
File: amsgen.sty 1999/11/30 v2.0 generic functions
\@emptytoks=\toks14
\ex@=\dimen103
))
("C:\Program Files\MiKTeX 2.9\tex\latex\amsmath\amsbsy.sty"
Package: amsbsy 1999/11/29 v1.2d Bold Symbols
\pmbraise@=\dimen104
)
("C:\Program Files\MiKTeX 2.9\tex\latex\amsmath\amsopn.sty"
Package: amsopn 2016/03/08 v2.02 operator names
)
\inf@bad=\count88
LaTeX Info: Redefining \frac on input line 213.
\uproot@=\count89
\leftroot@=\count90
LaTeX Info: Redefining \overline on input line 375.
\classnum@=\count91
\DOTSCASE@=\count92
LaTeX Info: Redefining \ldots on input line 472.
LaTeX Info: Redefining \dots on input line 475.
LaTeX Info: Redefining \cdots on input line 596.
\Mathstrutbox@=\box26
\strutbox@=\box27
\big@size=\dimen105
LaTeX Font Info:    Redeclaring font encoding OML on input line 712.
LaTeX Font Info:    Redeclaring font encoding OMS on input line 713.
\macc@depth=\count93
\c@MaxMatrixCols=\count94
\dotsspace@=\muskip10
\c@parentequation=\count95
\dspbrk@lvl=\count96
\tag@help=\toks15
\row@=\count97
\column@=\count98
\maxfields@=\count99
\andhelp@=\toks16
\eqnshift@=\dimen106
\alignsep@=\dimen107
\tagshift@=\dimen108
\tagwidth@=\dimen109
\totwidth@=\dimen110
\lineht@=\dimen111
\@envbody=\toks17
\multlinegap=\skip44
\multlinetaggap=\skip45
\mathdisplay@stack=\toks18
LaTeX Info: Redefining \[ on input line 2817.
LaTeX Info: Redefining \] on input line 2818.
)
("C:\Program Files\MiKTeX 2.9\tex\latex\amsfonts\amsfonts.sty"
Package: amsfonts 2013/01/14 v3.01 Basic AMSFonts support
\symAMSa=\mathgroup4
\symAMSb=\mathgroup5
LaTeX Font Info:    Overwriting math alphabet `\mathfrak' in version `bold'
(Font)                  U/euf/m/n --> U/euf/b/n on input line 106.
)
("C:\Program Files\MiKTeX 2.9\tex\latex\amsfonts\amssymb.sty"
Package: amssymb 2013/01/14 v3.01 AMS font symbols
)
(C:\Users\dsbjr\AppData\Roaming\MiKTeX\2.9\tex\latex\cite\cite.sty
LaTeX Info: Redefining \cite on input line 302.
LaTeX Info: Redefining \nocite on input line 332.
Package: cite 2015/02/27  v 5.5
)
("C:\Program Files\MiKTeX 2.9\tex\latex\graphics\graphicx.sty"
Package: graphicx 2017/06/01 v1.1a Enhanced LaTeX Graphics (DPC,SPQR)

("C:\Program Files\MiKTeX 2.9\tex\latex\graphics\keyval.sty"
Package: keyval 2014/10/28 v1.15 key=value parser (DPC)
\KV@toks@=\toks19
)
("C:\Program Files\MiKTeX 2.9\tex\latex\graphics\graphics.sty"
Package: graphics 2017/06/25 v1.2c Standard LaTeX Graphics (DPC,SPQR)

("C:\Program Files\MiKTeX 2.9\tex\latex\graphics\trig.sty"
Package: trig 2016/01/03 v1.10 sin cos tan (DPC)
)
("C:\Program Files\MiKTeX 2.9\tex\latex\graphics-cfg\graphics.cfg"
File: graphics.cfg 2016/06/04 v1.11 sample graphics configuration
)
Package graphics Info: Driver file: pdftex.def on input line 99.

("C:\Program Files\MiKTeX 2.9\tex\latex\graphics-def\pdftex.def"
File: pdftex.def 2018/01/08 v1.0l Graphics/color driver for pdftex
))
\Gin@req@height=\dimen112
\Gin@req@width=\dimen113
)
("C:\Program Files\MiKTeX 2.9\tex\latex\tools\multicol.sty"
Package: multicol 2018/04/20 v1.8s multicolumn formatting (FMi)
\c@tracingmulticols=\count100
\mult@box=\box28
\multicol@leftmargin=\dimen114
\c@unbalance=\count101
\c@collectmore=\count102
\doublecol@number=\count103
\multicoltolerance=\count104
\multicolpretolerance=\count105
\full@width=\dimen115
\page@free=\dimen116
\premulticols=\dimen117
\postmulticols=\dimen118
\multicolsep=\skip46
\multicolbaselineskip=\skip47
\partial@page=\box29
\last@line=\box30
\maxbalancingoverflow=\dimen119
\mult@rightbox=\box31
\mult@grightbox=\box32
\mult@gfirstbox=\box33
\mult@firstbox=\box34
\@tempa=\box35
\@tempa=\box36
\@tempa=\box37
\@tempa=\box38
\@tempa=\box39
\@tempa=\box40
\@tempa=\box41
\@tempa=\box42
\@tempa=\box43
\@tempa=\box44
\@tempa=\box45
\@tempa=\box46
\@tempa=\box47
\@tempa=\box48
\@tempa=\box49
\@tempa=\box50
\@tempa=\box51
\c@columnbadness=\count106
\c@finalcolumnbadness=\count107
\last@try=\dimen120
\multicolovershoot=\dimen121
\multicolundershoot=\dimen122
\mult@nat@firstbox=\box52
\colbreak@box=\box53
\mc@col@check@num=\count108
)
(C:\Users\dsbjr\AppData\Roaming\MiKTeX\2.9\tex\latex\caption\caption.sty
Package: caption 2018/05/01 v3.3-147 Customizing captions (AR)

(C:\Users\dsbjr\AppData\Roaming\MiKTeX\2.9\tex\latex\caption\caption3.sty
Package: caption3 2018/05/27 v1.8a caption3 kernel (AR)
Package caption3 Info: TeX engine: e-TeX on input line 64.
\captionmargin=\dimen123
\captionmargin@=\dimen124
\captionwidth=\dimen125
\caption@tempdima=\dimen126
\caption@indent=\dimen127
\caption@parindent=\dimen128
\caption@hangindent=\dimen129
)
\c@ContinuedFloat=\count109
)
("C:\Program Files\MiKTeX 2.9\tex\latex\geometry\geometry.sty"
Package: geometry 2018/04/16 v5.8 Page Geometry

("C:\Program Files\MiKTeX 2.9\tex\generic\oberdiek\ifpdf.sty"
Package: ifpdf 2017/03/15 v3.2 Provides the ifpdf switch
)
("C:\Program Files\MiKTeX 2.9\tex\generic\oberdiek\ifvtex.sty"
Package: ifvtex 2016/05/16 v1.6 Detect VTeX and its facilities (HO)
Package ifvtex Info: VTeX not detected.
)
("C:\Program Files\MiKTeX 2.9\tex\generic\ifxetex\ifxetex.sty"
Package: ifxetex 2010/09/12 v0.6 Provides ifxetex conditional
)
\Gm@cnth=\count110
\Gm@cntv=\count111
\c@Gm@tempcnt=\count112
\Gm@bindingoffset=\dimen130
\Gm@wd@mp=\dimen131
\Gm@odd@mp=\dimen132
\Gm@even@mp=\dimen133
\Gm@layoutwidth=\dimen134
\Gm@layoutheight=\dimen135
\Gm@layouthoffset=\dimen136
\Gm@layoutvoffset=\dimen137
\Gm@dimlist=\toks20

("C:\Program Files\MiKTeX 2.9\tex\latex\geometry\geometry.cfg"))
(C:\Users\dsbjr\AppData\Roaming\MiKTeX\2.9\tex\latex\footmisc\footmisc.sty
Package: footmisc 2011/06/06 v5.5b a miscellany of footnote facilities
\FN@temptoken=\toks21
\footnotemargin=\dimen138
\c@pp@next@reset=\count113
Package footmisc Info: Declaring symbol style bringhurst on input line 855.
Package footmisc Info: Declaring symbol style chicago on input line 863.
Package footmisc Info: Declaring symbol style wiley on input line 872.
Package footmisc Info: Declaring symbol style lamport-robust on input line 883.

Package footmisc Info: Declaring symbol style lamport* on input line 903.
Package footmisc Info: Declaring symbol style lamport*-robust on input line 924
.
)
(C:\Users\dsbjr\AppData\Roaming\MiKTeX\2.9\tex\latex\comment\comment.sty
\CommentStream=\write3

Excluding comment 'comment')
(C:\Users\dsbjr\AppData\Roaming\MiKTeX\2.9\tex\latex\sttools\flushend.sty
Package: flushend 2017/03/27 v3.3 Balancing columns in twocolumn mode
\flushend@@lastskip@a=\skip48
\flushend@@lastskip@b=\skip49
\flushend@@lastskip@c=\skip50
\flushend@@penalty@a=\count114
\flushend@@lastkern@a=\dimen139
\var@@temp@spread=\dimen140
\var@@temp@a=\dimen141
\flushend@@page@rule=\dimen142
\flushend@@varbox@a=\box54
\flushend@@varbox@c=\box55
\flushend@@tempbox@a=\box56
\flushend@@tempbox@c=\box57
\@viper=\box58
\hold@viper=\box59
\atColsBreak=\toks22
\atColsEnd=\toks23

(C:\Users\dsbjr\AppData\Roaming\MiKTeX\2.9\tex\latex\etoolbox\etoolbox.sty
Package: etoolbox 2018/08/19 v2.5f e-TeX tools for LaTeX (JAW)
\etb@tempcnta=\count115
))
(RuCl3.DissertationProposal.aux

LaTeX Warning: Label `fig:f4' multiply defined.


LaTeX Warning: Label `fig:f5' multiply defined.

)
\openout1 = `RuCl3.DissertationProposal.aux'.

LaTeX Font Info:    Checking defaults for OML/cmm/m/it on input line 23.
LaTeX Font Info:    ... okay on input line 23.
LaTeX Font Info:    Checking defaults for T1/cmr/m/n on input line 23.
LaTeX Font Info:    ... okay on input line 23.
LaTeX Font Info:    Checking defaults for OT1/cmr/m/n on input line 23.
LaTeX Font Info:    ... okay on input line 23.
LaTeX Font Info:    Checking defaults for OMS/cmsy/m/n on input line 23.
LaTeX Font Info:    ... okay on input line 23.
LaTeX Font Info:    Checking defaults for OMX/cmex/m/n on input line 23.
LaTeX Font Info:    ... okay on input line 23.
LaTeX Font Info:    Checking defaults for U/cmr/m/n on input line 23.
LaTeX Font Info:    ... okay on input line 23.
 (C:\Users\dsbjr\AppData\Roaming\MiKTeX\2.9\tex\context\base\supp-pdf.mkii
[Loading MPS to PDF converter (version 2006.09.02).]
\scratchcounter=\count116
\scratchdimen=\dimen143
\scratchbox=\box60
\nofMPsegments=\count117
\nofMParguments=\count118
\everyMPshowfont=\toks24
\MPscratchCnt=\count119
\MPscratchDim=\dimen144
\MPnumerator=\count120
\makeMPintoPDFobject=\count121
\everyMPtoPDFconversion=\toks25
) ("C:\Program Files\MiKTeX 2.9\tex\latex\oberdiek\epstopdf-base.sty"
Package: epstopdf-base 2016/05/15 v2.6 Base part for package epstopdf

("C:\Program Files\MiKTeX 2.9\tex\generic\oberdiek\infwarerr.sty"
Package: infwarerr 2016/05/16 v1.4 Providing info/warning/error messages (HO)
)
("C:\Program Files\MiKTeX 2.9\tex\latex\oberdiek\grfext.sty"
Package: grfext 2016/05/16 v1.2 Manage graphics extensions (HO)

("C:\Program Files\MiKTeX 2.9\tex\generic\oberdiek\kvdefinekeys.sty"
Package: kvdefinekeys 2016/05/16 v1.4 Define keys (HO)

("C:\Program Files\MiKTeX 2.9\tex\generic\oberdiek\ltxcmds.sty"
Package: ltxcmds 2016/05/16 v1.23 LaTeX kernel commands for general use (HO)
)))
("C:\Program Files\MiKTeX 2.9\tex\latex\oberdiek\kvoptions.sty"
Package: kvoptions 2016/05/16 v3.12 Key value format for package options (HO)

("C:\Program Files\MiKTeX 2.9\tex\generic\oberdiek\kvsetkeys.sty"
Package: kvsetkeys 2016/05/16 v1.17 Key value parser (HO)

("C:\Program Files\MiKTeX 2.9\tex\generic\oberdiek\etexcmds.sty"
Package: etexcmds 2016/05/16 v1.6 Avoid name clashes with e-TeX commands (HO)

("C:\Program Files\MiKTeX 2.9\tex\generic\oberdiek\ifluatex.sty"
Package: ifluatex 2016/05/16 v1.4 Provides the ifluatex switch (HO)
Package ifluatex Info: LuaTeX not detected.
)
Package etexcmds Info: Could not find \expanded.
(etexcmds)             That can mean that you are not using pdfTeX 1.50 or
(etexcmds)             that some package has redefined \expanded.
(etexcmds)             In the latter case, load this package earlier.
)))
("C:\Program Files\MiKTeX 2.9\tex\generic\oberdiek\pdftexcmds.sty"
Package: pdftexcmds 2018/01/30 v0.27 Utility functions of pdfTeX for LuaTeX (HO
)
Package pdftexcmds Info: LuaTeX not detected.
Package pdftexcmds Info: \pdf@primitive is available.
Package pdftexcmds Info: \pdf@ifprimitive is available.
Package pdftexcmds Info: \pdfdraftmode found.
)
Package epstopdf-base Info: Redefining graphics rule for `.eps' on input line 4
38.
Package grfext Info: Graphics extension search list:
(grfext)             [.pdf,.png,.jpg,.mps,.jpeg,.jbig2,.jb2,.PDF,.PNG,.JPG,.JPE
G,.JBIG2,.JB2,.eps]
(grfext)             \AppendGraphicsExtensions on input line 456.
)
Package caption Info: Begin \AtBeginDocument code.
Package caption Info: End \AtBeginDocument code.

*geometry* driver: auto-detecting
*geometry* detected driver: pdftex
*geometry* verbose mode - [ preamble ] result:
* driver: pdftex
* paper: <default>
* layout: <same size as paper>
* layoutoffset:(h,v)=(0.0pt,0.0pt)
* modes: 
* h-part:(L,W,R)=(36.135pt, 542.02501pt, 36.135pt)
* v-part:(T,H,B)=(36.135pt, 722.7pt, 36.135pt)
* \paperwidth=614.295pt
* \paperheight=794.96999pt
* \textwidth=542.02501pt
* \textheight=722.7pt
* \oddsidemargin=-36.135pt
* \evensidemargin=-36.135pt
* \topmargin=-73.135pt
* \headheight=12.0pt
* \headsep=25.0pt
* \topskip=11.0pt
* \footskip=30.0pt
* \marginparwidth=59.0pt
* \marginparsep=10.0pt
* \columnsep=18.06749pt
* \skip\footins=10.0pt plus 4.0pt minus 2.0pt
* \hoffset=0.0pt
* \voffset=0.0pt
* \mag=1000
* \@twocolumnfalse
* \@twosidefalse
* \@mparswitchfalse
* \@reversemarginfalse
* (1in=72.27pt=25.4mm, 1cm=28.453pt)

LaTeX Font Info:    Try loading font information for U+msa on input line 32.
("C:\Program Files\MiKTeX 2.9\tex\latex\amsfonts\umsa.fd"
File: umsa.fd 2013/01/14 v3.01 AMS symbols A
)
LaTeX Font Info:    Try loading font information for U+msb on input line 32.

("C:\Program Files\MiKTeX 2.9\tex\latex\amsfonts\umsb.fd"
File: umsb.fd 2013/01/14 v3.01 AMS symbols B
)
LaTeX Font Info:    Try loading font information for OMS+cmr on input line 55.

("C:\Program Files\MiKTeX 2.9\tex\latex\base\omscmr.fd"
File: omscmr.fd 2014/09/29 v2.5h Standard LaTeX font definitions
)
LaTeX Font Info:    Font shape `OMS/cmr/m/n' in size <14.4> not available
(Font)              Font shape `OMS/cmsy/m/n' tried instead on input line 55.
 [1

{C:/Users/dsbjr/AppData/Local/MiKTeX/2.9/pdftex/config/pdftex.map}] [2]
<C:/Users/dsbjr/Documents/DissertationProposal/images/thermalactivation.jpg, id
=17, 409.27643pt x 337.00642pt>
File: C:/Users/dsbjr/Documents/DissertationProposal/images/thermalactivation.jp
g Graphic file (type jpg)
<use C:/Users/dsbjr/Documents/DissertationProposal/images/thermalactivation.jpg
>
Package pdftex.def Info: C:/Users/dsbjr/Documents/DissertationProposal/images/t
hermalactivation.jpg  used on input line 90.
(pdftex.def)             Requested size: 154.47818pt x 127.19986pt.

Underfull \hbox (badness 2744) in paragraph at lines 92--92
[]\OT1/cmr/m/n/10.95 Figure 1: |Ther-mal ac-ti-va-
 []

<C:/Users/dsbjr/Documents/DissertationProposal/images/roomTempGateSweepsAnfract
uousPopsicle.png, id=18, 1308.38812pt x 933.4875pt>
File: C:/Users/dsbjr/Documents/DissertationProposal/images/roomTempGateSweepsAn
fractuousPopsicle.png Graphic file (type png)
<use C:/Users/dsbjr/Documents/DissertationProposal/images/roomTempGateSweepsAnf
ractuousPopsicle.png>
Package pdftex.def Info: C:/Users/dsbjr/Documents/DissertationProposal/images/r
oomTempGateSweepsAnfractuousPopsicle.png  used on input line 96.
(pdftex.def)             Requested size: 154.47818pt x 110.2047pt.
<C:/Users/dsbjr/Documents/DissertationProposal/images/Rookle09VRHdata.jpg, id=1
9, 1053.9375pt x 790.45313pt>
File: C:/Users/dsbjr/Documents/DissertationProposal/images/Rookle09VRHdata.jpg 
Graphic file (type jpg)
<use C:/Users/dsbjr/Documents/DissertationProposal/images/Rookle09VRHdata.jpg>
Package pdftex.def Info: C:/Users/dsbjr/Documents/DissertationProposal/images/R
ookle09VRHdata.jpg  used on input line 102.
(pdftex.def)             Requested size: 154.47818pt x 115.84904pt.

Underfull \hbox (badness 10000) in paragraph at lines 104--104
[]\OT1/cmr/m/n/10.95 Figure 3: |Resistance-
 []


Underfull \hbox (badness 8038) in paragraph at lines 104--104
\OT1/cmr/m/n/10.95 temperature curve for ex-
 []

[3] [4 <C:/Users/dsbjr/Documents/DissertationProposal/images/thermalactivation.
jpg> <C:/Users/dsbjr/Documents/DissertationProposal/images/roomTempGateSweepsAn
fractuousPopsicle.png> <C:/Users/dsbjr/Documents/DissertationProposal/images/Ro
okle09VRHdata.jpg>]
<C:/Users/dsbjr/Documents/DissertationProposal/images/rucl3-RamanSpectraBulkGat
ing.jpg, id=26, 771.1209pt x 590.205pt>
File: C:/Users/dsbjr/Documents/DissertationProposal/images/rucl3-RamanSpectraBu
lkGating.jpg Graphic file (type jpg)
<use C:/Users/dsbjr/Documents/DissertationProposal/images/rucl3-RamanSpectraBul
kGating.jpg>
Package pdftex.def Info: C:/Users/dsbjr/Documents/DissertationProposal/images/r
ucl3-RamanSpectraBulkGating.jpg  used on input line 126.
(pdftex.def)             Requested size: 154.47818pt x 118.22803pt.
<C:/Users/dsbjr/Documents/DissertationProposal/images/RuCl3_Pristine_Fit.png, i
d=27, 771.1209pt x 590.205pt>
File: C:/Users/dsbjr/Documents/DissertationProposal/images/RuCl3_Pristine_Fit.p
ng Graphic file (type png)
<use C:/Users/dsbjr/Documents/DissertationProposal/images/RuCl3_Pristine_Fit.pn
g>
Package pdftex.def Info: C:/Users/dsbjr/Documents/DissertationProposal/images/R
uCl3_Pristine_Fit.png  used on input line 132.
(pdftex.def)             Requested size: 154.47818pt x 118.22803pt.
<C:/Users/dsbjr/Documents/DissertationProposal/images/RuCl3_DEME-BF4_Intercalat
edFit.png, id=28, 771.1209pt x 590.205pt>
File: C:/Users/dsbjr/Documents/DissertationProposal/images/RuCl3_DEME-BF4_Inter
calatedFit.png Graphic file (type png)
<use C:/Users/dsbjr/Documents/DissertationProposal/images/RuCl3_DEME-BF4_Interc
alatedFit.png>
Package pdftex.def Info: C:/Users/dsbjr/Documents/DissertationProposal/images/R
uCl3_DEME-BF4_IntercalatedFit.png  used on input line 138.
(pdftex.def)             Requested size: 154.47818pt x 118.22803pt.
 [5 <C:/Users/dsbjr/Documents/DissertationProposal/images/rucl3-RamanSpectraBul
kGating.jpg> <C:/Users/dsbjr/Documents/DissertationProposal/images/RuCl3_Pristi
ne_Fit.png> <C:/Users/dsbjr/Documents/DissertationProposal/images/RuCl3_DEME-BF
4_IntercalatedFit.png>]
<C:/Users/dsbjr/Documents/DissertationProposal/images/exfoliatedvsbulkrucl3spec
tra.jpg, id=32, 1053.9375pt x 790.45313pt>
File: C:/Users/dsbjr/Documents/DissertationProposal/images/exfoliatedvsbulkrucl
3spectra.jpg Graphic file (type jpg)
<use C:/Users/dsbjr/Documents/DissertationProposal/images/exfoliatedvsbulkrucl3
spectra.jpg>
Package pdftex.def Info: C:/Users/dsbjr/Documents/DissertationProposal/images/e
xfoliatedvsbulkrucl3spectra.jpg  used on input line 170.
(pdftex.def)             Requested size: 257.46104pt x 193.0898pt.
<C:/Users/dsbjr/Documents/GitHub/Dissertation.Proposal/images/BgPeaksDisappear.
jpg, id=33, 1135.99406pt x 670.75594pt>
File: C:/Users/dsbjr/Documents/GitHub/Dissertation.Proposal/images/BgPeaksDisap
pear.jpg Graphic file (type jpg)
<use C:/Users/dsbjr/Documents/GitHub/Dissertation.Proposal/images/BgPeaksDisapp
ear.jpg>
Package pdftex.def Info: C:/Users/dsbjr/Documents/GitHub/Dissertation.Proposal/
images/BgPeaksDisappear.jpg  used on input line 176.
(pdftex.def)             Requested size: 257.46104pt x 152.01894pt.
 [6 <C:/Users/dsbjr/Documents/DissertationProposal/images/exfoliatedvsbulkrucl3
spectra.jpg> <C:/Users/dsbjr/Documents/GitHub/Dissertation.Proposal/images/BgPe
aksDisappear.jpg>] [7] [8]
(RuCl3.DissertationProposal.bbl [9] [10] [11]) [12]
(RuCl3.DissertationProposal.aux)

LaTeX Warning: There were multiply-defined labels.

 ) 
Here is how much of TeX's memory you used:
 4846 strings out of 492973
 74805 string characters out of 3135932
 148128 words of memory out of 3000000
 8608 multiletter control sequences out of 15000+200000
 18984 words of font info for 74 fonts, out of 3000000 for 9000
 1141 hyphenation exceptions out of 8191
 41i,9n,39p,1541b,411s stack positions out of 5000i,500n,10000p,200000b,50000s
<C:/Program Files/MiKTeX 2.9/fonts/type1/public/amsfonts/cm/cmbx10.pfb><C:/Pr
ogram Files/MiKTeX 2.9/fonts/type1/public/amsfonts/cm/cmbx12.pfb><C:/Program Fi
les/MiKTeX 2.9/fonts/type1/public/amsfonts/cm/cmmi10.pfb><C:/Program Files/MiKT
eX 2.9/fonts/type1/public/amsfonts/cm/cmmi12.pfb><C:/Program Files/MiKTeX 2.9/f
onts/type1/public/amsfonts/cm/cmr10.pfb><C:/Program Files/MiKTeX 2.9/fonts/type
1/public/amsfonts/cm/cmr12.pfb><C:/Program Files/MiKTeX 2.9/fonts/type1/public/
amsfonts/cm/cmr17.pfb><C:/Program Files/MiKTeX 2.9/fonts/type1/public/amsfonts/
cm/cmr7.pfb><C:/Program Files/MiKTeX 2.9/fonts/type1/public/amsfonts/cm/cmr8.pf
b><C:/Program Files/MiKTeX 2.9/fonts/type1/public/amsfonts/cm/cmsy10.pfb><C:/Pr
ogram Files/MiKTeX 2.9/fonts/type1/public/amsfonts/cm/cmti12.pfb>
Output written on RuCl3.DissertationProposal.pdf (12 pages, 1504057 bytes).
PDF statistics:
 93 PDF objects out of 1000 (max. 8388607)
 0 named destinations out of 1000 (max. 500000)
 41 words of extra memory for PDF output out of 10000 (max. 10000000)

